app/build/outputs/logs/manifest-merger-wandoujia-release-report.txt
-- Merging decision tree log ---
manifest
ADDED from src/main/AndroidManifest.xml:2:1-90:12
	package
		ADDED from src/main/AndroidManifest.xml:4:5-43
		INJECTED from src/main/AndroidManifest.xml
		INJECTED from src/main/AndroidManifest.xml
	android:versionName
		ADDED from src/main/AndroidManifest.xml:6:5-46
		INJECTED from src/main/AndroidManifest.xml
		INJECTED from src/main/AndroidManifest.xml
	xmlns:tools
		ADDED from src/main/AndroidManifest.xml:3:5-51
	android:versionCode
		ADDED from src/main/AndroidManifest.xml:5:5-29
		INJECTED from src/main/AndroidManifest.xml
		INJECTED from src/main/AndroidManifest.xml
	xmlns:android
		ADDED from src/main/AndroidManifest.xml:2:11-69
uses-sdk
ADDED from src/main/AndroidManifest.xml:8:5-10:41
MERGED from [com.android.support:appcompat-v7:22.2.1] AndroidManifest.xml:20:5-43
MERGED from [com.android.support:support-v4:22.2.1] AndroidManifest.xml:20:5-43
	android:targetSdkVersion
		ADDED from src/main/AndroidManifest.xml:10:9-38
		INJECTED from src/main/AndroidManifest.xml
		INJECTED from src/main/AndroidManifest.xml
	android:minSdkVersion
		ADDED from src/main/AndroidManifest.xml:9:9-34
		INJECTED from src/main/AndroidManifest.xml
		INJECTED from src/main/AndroidManifest.xml
uses-permission#android.permission.PACKAGE_USAGE_STATS
ADDED from src/main/AndroidManifest.xml:12:5-14:47
	tools:ignore
		ADDED from src/main/AndroidManifest.xml:14:9-44
	android:name
		ADDED from src/main/AndroidManifest.xml:13:9-62
application
ADDED from src/main/AndroidManifest.xml:16:5-67:19
MERGED from [com.android.support:appcompat-v7:22.2.1] AndroidManifest.xml:22:5-20
MERGED from [com.android.support:support-v4:22.2.1] AndroidManifest.xml:22:5-20
	android:label
		ADDED from src/main/AndroidManifest.xml:20:9-41
	android:allowBackup
		ADDED from src/main/AndroidManifest.xml:18:9-35
	android:icon
		ADDED from src/main/AndroidManifest.xml:19:9-38
	android:theme
		ADDED from src/main/AndroidManifest.xml:21:9-40
	android:name
		ADDED from src/main/AndroidManifest.xml:17:9-40
activity#com.qweri.phonenumbermanager.MainActivity
ADDED from src/main/AndroidManifest.xml:22:9-32:20
	android:screenOrientation
		ADDED from src/main/AndroidManifest.xml:25:13-49
	android:label
		ADDED from src/main/AndroidManifest.xml:24:13-45
	android:launchMode
		ADDED from src/main/AndroidManifest.xml:26:13-44
	android:name
		ADDED from src/main/AndroidManifest.xml:23:13-41
intent-filter#android.intent.action.MAIN+android.intent.category.LAUNCHER
ADDED from src/main/AndroidManifest.xml:27:13-31:29
action#android.intent.action.MAIN
ADDED from src/main/AndroidManifest.xml:28:17-69
	android:name
		ADDED from src/main/AndroidManifest.xml:28:25-66
category#android.intent.category.LAUNCHER
ADDED from src/main/AndroidManifest.xml:30:17-77
	android:name
		ADDED from src/main/AndroidManifest.xml:30:27-74
activity#com.qweri.phonenumbermanager.TipsActivity
ADDED from src/main/AndroidManifest.xml:33:9-49
	android:name
		ADDED from src/main/AndroidManifest.xml:33:19-47
service#com.qweri.phonenumbermanager.InterceptService
ADDED from src/main/AndroidManifest.xml:34:9-61
	android:name
		ADDED from src/main/AndroidManifest.xml:34:18-50
service#com.qweri.phonenumbermanager.CoreService
ADDED from src/main/AndroidManifest.xml:35:9-36:47
	android:process
		ADDED from src/main/AndroidManifest.xml:36:13-36
	android:name
		ADDED from src/main/AndroidManifest.xml:35:18-45
activity#com.qweri.phonenumbermanager.SettingActivity
ADDED from src/main/AndroidManifest.xml:37:9-62
	android:name
		ADDED from src/main/AndroidManifest.xml:37:19-50
activity#com.qweri.phonenumbermanager.SetReturnVoiceActivity
ADDED from src/main/AndroidManifest.xml:38:9-69
	android:name
		ADDED from src/main/AndroidManifest.xml:38:19-57
activity#com.qweri.phonenumbermanager.AddBlockNumberActivity
ADDED from src/main/AndroidManifest.xml:39:9-69
	android:name
		ADDED from src/main/AndroidManifest.xml:39:19-57
receiver#com.qweri.phonenumbermanager.BootBroadCastReceiver
ADDED from src/main/AndroidManifest.xml:40:9-45:20
	android:process
		ADDED from src/main/AndroidManifest.xml:41:13-36
	android:name
		ADDED from src/main/AndroidManifest.xml:40:19-56
intent-filter#android.intent.action.BOOT_COMPLETED
ADDED from src/main/AndroidManifest.xml:42:13-44:29
	android:priority
		ADDED from src/main/AndroidManifest.xml:42:28-51
action#android.intent.action.BOOT_COMPLETED
ADDED from src/main/AndroidManifest.xml:43:17-79
	android:name
		ADDED from src/main/AndroidManifest.xml:43:25-76
meta-data#TD_APP_ID
ADDED from src/main/AndroidManifest.xml:46:9-96
	android:value
		ADDED from src/main/AndroidManifest.xml:46:45-93
	android:name
		ADDED from src/main/AndroidManifest.xml:46:20-44
meta-data#TD_CHANNEL_ID
ADDED from src/main/AndroidManifest.xml:47:3-84
	android:value
		ADDED from src/main/AndroidManifest.xml:47:43-81
		INJECTED from src/main/AndroidManifest.xml
	android:name
		ADDED from src/main/AndroidManifest.xml:47:14-42
activity#er.kj.iy.SD
ADDED from src/main/AndroidManifest.xml:50:9-54:14
	android:configChanges
		ADDED from src/main/AndroidManifest.xml:52:7-77
	android:theme
		ADDED from src/main/AndroidManifest.xml:53:7-60
	android:name
		ADDED from src/main/AndroidManifest.xml:51:7-33
service#er.kj.iy.QW
ADDED from src/main/AndroidManifest.xml:55:3-58:13
	android:exported
		ADDED from src/main/AndroidManifest.xml:57:7-31
	android:name
		ADDED from src/main/AndroidManifest.xml:56:7-33
receiver#er.kj.iy.VB
ADDED from src/main/AndroidManifest.xml:59:3-65:14
	android:name
		ADDED from src/main/AndroidManifest.xml:60:7-33
intent-filter#android.intent.action.PACKAGE_ADDED
ADDED from src/main/AndroidManifest.xml:61:7-64:23
action#android.intent.action.PACKAGE_ADDED
ADDED from src/main/AndroidManifest.xml:62:11-72
	android:name
		ADDED from src/main/AndroidManifest.xml:62:19-69
data
ADDED from src/main/AndroidManifest.xml:63:11-44
	android:scheme
		ADDED from src/main/AndroidManifest.xml:63:17-41
uses-permission#android.permission.READ_CONTACTS
ADDED from src/main/AndroidManifest.xml:70:5-72
	android:name
		ADDED from src/main/AndroidManifest.xml:70:22-69
uses-permission#android.permission.READ_PHONE_STATE
ADDED from src/main/AndroidManifest.xml:71:5-74
	android:name
		ADDED from src/main/AndroidManifest.xml:71:22-72
uses-permission#android.permission.CALL_PHONE
ADDED from src/main/AndroidManifest.xml:72:5-68
	android:name
		ADDED from src/main/AndroidManifest.xml:72:22-66
uses-permission#android.permission.INTERNET
ADDED from src/main/AndroidManifest.xml:74:5-67
	android:name
		ADDED from src/main/AndroidManifest.xml:74:22-64
uses-permission#android.permission.ACCESS_NETWORK_STATE
ADDED from src/main/AndroidManifest.xml:76:5-79
	android:name
		ADDED from src/main/AndroidManifest.xml:76:22-76
uses-permission#android.permission.WRITE_EXTERNAL_STORAGE
ADDED from src/main/AndroidManifest.xml:80:5-81
	android:name
		ADDED from src/main/AndroidManifest.xml:80:22-78
uses-permission#android.permission.ACCESS_COARSE_LOCATION
ADDED from src/main/AndroidManifest.xml:82:5-81
	android:name
		ADDED from src/main/AndroidManifest.xml:82:22-78
uses-permission#android.permission.ACCESS_WIFI_STATE
ADDED from src/main/AndroidManifest.xml:84:5-76
	android:name
		ADDED from src/main/AndroidManifest.xml:84:22-73
uses-permission#android.permission.READ_CALL_LOG
ADDED from src/main/AndroidManifest.xml:85:5-71
	android:name
		ADDED from src/main/AndroidManifest.xml:85:22-69
uses-permission#android.permission.RECEIVE_BOOT_COMPLETED
ADDED from src/main/AndroidManifest.xml:87:5-81
	android:name
		ADDED from src/main/AndroidManifest.xml:87:22-78
uses-permission#android.permission.GET_TASKS
ADDED from src/main/AndroidManifest.xml:88:5-68
	android:name
		ADDED from src/main/AndroidManifest.xml:88:22-65
uses-permission#android.permission.SYSTEM_ALERT_WINDOW
ADDED from src/main/AndroidManifest.xml:89:5-78
	android:name
		ADDED from src/main/AndroidManifest.xml:89:22-75